<?xml version="1.0" encoding="UTF-8"?>
<!-- Generated by org.testng.reporters.JUnitReportReporter -->
<testsuite hostname="DESKTOP-CFV69D5" failures="0" tests="1" name="LoginTest.Testpage2" time="38.575" errors="0" timestamp="2022-02-05T09:39:16 GMT-08:00" skipped="0">
  <testcase classname="LoginTest.Testpage2" name="from" time="38.575"/>
  <system-out/>
</testsuite> <!-- LoginTest.Testpage2 -->
